<?xml version="1.0" encoding="UTF-8"?>
<!-- Generated by org.testng.reporters.JUnitXMLReporter -->
<testsuite ignored="0" hostname="Thohahaha" failures="0" tests="3" name="Default test" time="13.152" errors="0" timestamp="2022-02-21T18:51:37 SGT">
  <testcase classname="RegisterTest" name="checkEditDetails" time="6.475"/>
  <testcase classname="RegisterTest" name="checkHomeButton" time="0.411"/>
  <testcase classname="RegisterTest" name="checkRegisterForm" time="1.528"/>
</testsuite> <!-- Default test -->
