<?xml version="1.0" encoding="UTF-8"?>
<testng-results ignored="0" total="3" passed="3" failed="0" skipped="0">
  <reporter-output>
  </reporter-output>
  <suite started-at="2022-02-21T19:17:21 SGT" name="Suite" finished-at="2022-02-21T19:17:33 SGT" duration-ms="11942">
    <groups>
    </groups>
    <test started-at="2022-02-21T19:17:21 SGT" name="Test" finished-at="2022-02-21T19:17:33 SGT" duration-ms="11942">
      <class name="RegisterTest">
        <test-method is-config="true" signature="beforeTest()[pri:0, instance:RegisterTest@24fcf36f]" started-at="2022-02-21T19:17:21 SGT" name="beforeTest" finished-at="2022-02-21T19:17:25 SGT" duration-ms="3816" status="PASS">
          <reporter-output>
          </reporter-output>
        </test-method> <!-- beforeTest -->
        <test-method signature="checkEditDetails()[pri:0, instance:RegisterTest@24fcf36f]" started-at="2022-02-21T19:17:25 SGT" name="checkEditDetails" finished-at="2022-02-21T19:17:31 SGT" duration-ms="5832" status="PASS">
          <reporter-output>
          </reporter-output>
        </test-method> <!-- checkEditDetails -->
        <test-method signature="checkHomeButton()[pri:0, instance:RegisterTest@24fcf36f]" started-at="2022-02-21T19:17:31 SGT" name="checkHomeButton" finished-at="2022-02-21T19:17:31 SGT" duration-ms="424" status="PASS">
          <reporter-output>
          </reporter-output>
        </test-method> <!-- checkHomeButton -->
        <test-method signature="checkRegisterForm()[pri:0, instance:RegisterTest@24fcf36f]" started-at="2022-02-21T19:17:31 SGT" name="checkRegisterForm" finished-at="2022-02-21T19:17:32 SGT" duration-ms="1329" status="PASS">
          <reporter-output>
          </reporter-output>
        </test-method> <!-- checkRegisterForm -->
        <test-method is-config="true" signature="afterTest()[pri:0, instance:RegisterTest@24fcf36f]" started-at="2022-02-21T19:17:32 SGT" name="afterTest" finished-at="2022-02-21T19:17:33 SGT" duration-ms="423" status="PASS">
          <reporter-output>
          </reporter-output>
        </test-method> <!-- afterTest -->
      </class> <!-- RegisterTest -->
    </test> <!-- Test -->
  </suite> <!-- Suite -->
</testng-results>
